<?xml version="1.0" encoding="UTF-8" ?>
<testsuites name="vitest tests" tests="428" failures="0" errors="0" time="16.4725417">
    <testsuite name="src/test/unit/batchExportEngine.test.ts" timestamp="2026-05-03T20:12:28.638Z" hostname="Glaptop" tests="4" failures="0" errors="0" skipped="0" time="0.0174287">
        <testcase classname="src/test/unit/batchExportEngine.test.ts" name="BatchExportEngineImpl &gt; createBatch should produce the expected number of jobs and create output dirs" time="0.0092496">
        </testcase>
        <testcase classname="src/test/unit/batchExportEngine.test.ts" name="BatchExportEngineImpl &gt; createBatch should throw when formats are not specified" time="0.0039546">
        </testcase>
        <testcase classname="src/test/unit/batchExportEngine.test.ts" name="BatchExportEngineImpl &gt; estimateDuration should return a positive integer and adjust for strategy" time="0.0010866">
        </testcase>
        <testcase classname="src/test/unit/batchExportEngine.test.ts" name="BatchExportEngineImpl &gt; optimizeJobOrder should order jobs by priority/complexity/format" time="0.0004515">
        </testcase>
    </testsuite>
    <testsuite name="src/test/unit/commands/batchExportCommand.test.ts" timestamp="2026-05-03T20:12:28.640Z" hostname="Glaptop" tests="13" failures="0" errors="0" skipped="0" time="0.0632951">
        <testcase classname="src/test/unit/commands/batchExportCommand.test.ts" name="BatchExportCommand (v2) &gt; function structure &gt; exports runBatchExport as a function" time="0.006948">
        </testcase>
        <testcase classname="src/test/unit/commands/batchExportCommand.test.ts" name="BatchExportCommand (v2) &gt; function structure &gt; runBatchExport is async" time="0.0267851">
        </testcase>
        <testcase classname="src/test/unit/commands/batchExportCommand.test.ts" name="BatchExportCommand (v2) &gt; batch export mode behavior &gt; correctly identifies automatic batch mode" time="0.0016036">
        </testcase>
        <testcase classname="src/test/unit/commands/batchExportCommand.test.ts" name="BatchExportCommand (v2) &gt; batch export mode behavior &gt; correctly identifies interactive batch mode" time="0.0013365">
        </testcase>
        <testcase classname="src/test/unit/commands/batchExportCommand.test.ts" name="BatchExportCommand (v2) &gt; batch export mode behavior &gt; skips confirmation dialog in automatic mode" time="0.0014759">
        </testcase>
        <testcase classname="src/test/unit/commands/batchExportCommand.test.ts" name="BatchExportCommand (v2) &gt; batch export mode behavior &gt; shows confirmation dialog in interactive mode" time="0.0018122">
        </testcase>
        <testcase classname="src/test/unit/commands/batchExportCommand.test.ts" name="BatchExportCommand (v2) &gt; batch export mode behavior &gt; proceeds directly to export execution in automatic mode" time="0.0017561">
        </testcase>
        <testcase classname="src/test/unit/commands/batchExportCommand.test.ts" name="BatchExportCommand (v2) &gt; batch export logging &gt; logs information about batch export" time="0.0016064">
        </testcase>
        <testcase classname="src/test/unit/commands/batchExportCommand.test.ts" name="BatchExportCommand (v2) &gt; error handling in batch mode &gt; handles errors gracefully in automatic mode" time="0.0068263">
        </testcase>
        <testcase classname="src/test/unit/commands/batchExportCommand.test.ts" name="BatchExportCommand (v2) &gt; error handling in batch mode &gt; handles errors gracefully in interactive mode" time="0.0026336">
        </testcase>
        <testcase classname="src/test/unit/commands/batchExportCommand.test.ts" name="BatchExportCommand (v2) &gt; modal dialog behavior &gt; automatic mode does not show modal dialogs" time="0.0015379">
        </testcase>
        <testcase classname="src/test/unit/commands/batchExportCommand.test.ts" name="BatchExportCommand (v2) &gt; modal dialog behavior &gt; interactive mode shows modal dialogs" time="0.0021392">
        </testcase>
        <testcase classname="src/test/unit/commands/batchExportCommand.test.ts" name="BatchExportCommand (v2) &gt; modal dialog behavior &gt; modal skip logic is centralized" time="0.002842">
        </testcase>
    </testsuite>
    <testsuite name="src/test/unit/commands/diagnosticsCommand.test.ts" timestamp="2026-05-03T20:12:28.643Z" hostname="Glaptop" tests="17" failures="0" errors="0" skipped="0" time="0.0431475">
        <testcase classname="src/test/unit/commands/diagnosticsCommand.test.ts" name="diagnosticsCommand &gt; runDiagnosticsCommand() &gt; should create output channel and display diagnostics report" time="0.0093634">
        </testcase>
        <testcase classname="src/test/unit/commands/diagnosticsCommand.test.ts" name="diagnosticsCommand &gt; runDiagnosticsCommand() &gt; should show &quot;all clear&quot; when no active operations" time="0.0023828">
        </testcase>
        <testcase classname="src/test/unit/commands/diagnosticsCommand.test.ts" name="diagnosticsCommand &gt; runDiagnosticsCommand() &gt; should list active operations with details" time="0.0021245">
        </testcase>
        <testcase classname="src/test/unit/commands/diagnosticsCommand.test.ts" name="diagnosticsCommand &gt; runDiagnosticsCommand() &gt; should show emergency cleanup option for long-running operations" time="0.0042561">
        </testcase>
        <testcase classname="src/test/unit/commands/diagnosticsCommand.test.ts" name="diagnosticsCommand &gt; runDiagnosticsCommand() &gt; should perform emergency cleanup when user chooses it" time="0.0023735">
        </testcase>
        <testcase classname="src/test/unit/commands/diagnosticsCommand.test.ts" name="diagnosticsCommand &gt; runDiagnosticsCommand() &gt; should show output channel when user chooses Show Details" time="0.0013952">
        </testcase>
        <testcase classname="src/test/unit/commands/diagnosticsCommand.test.ts" name="diagnosticsCommand &gt; runDiagnosticsCommand() &gt; should display system information" time="0.0017182">
        </testcase>
        <testcase classname="src/test/unit/commands/diagnosticsCommand.test.ts" name="diagnosticsCommand &gt; runDiagnosticsCommand() &gt; should display memory usage information" time="0.001827">
        </testcase>
        <testcase classname="src/test/unit/commands/diagnosticsCommand.test.ts" name="diagnosticsCommand &gt; runDiagnosticsCommand() &gt; should check CLI strategy availability" time="0.0016906">
        </testcase>
        <testcase classname="src/test/unit/commands/diagnosticsCommand.test.ts" name="diagnosticsCommand &gt; runDiagnosticsCommand() &gt; should check web strategy availability" time="0.0013051">
        </testcase>
        <testcase classname="src/test/unit/commands/diagnosticsCommand.test.ts" name="diagnosticsCommand &gt; runDiagnosticsCommand() &gt; should handle errors when checking strategy availability" time="0.0013746">
        </testcase>
        <testcase classname="src/test/unit/commands/diagnosticsCommand.test.ts" name="diagnosticsCommand &gt; runQuickHealthCheck() &gt; should show information message when no active operations" time="0.0011952">
        </testcase>
        <testcase classname="src/test/unit/commands/diagnosticsCommand.test.ts" name="diagnosticsCommand &gt; runQuickHealthCheck() &gt; should show warning with active operations" time="0.0016322">
        </testcase>
        <testcase classname="src/test/unit/commands/diagnosticsCommand.test.ts" name="diagnosticsCommand &gt; runQuickHealthCheck() &gt; should run full diagnostics when user chooses Show Details" time="0.0020769">
        </testcase>
        <testcase classname="src/test/unit/commands/diagnosticsCommand.test.ts" name="diagnosticsCommand &gt; runQuickHealthCheck() &gt; should perform emergency cleanup when user chooses it" time="0.0014251">
        </testcase>
        <testcase classname="src/test/unit/commands/diagnosticsCommand.test.ts" name="diagnosticsCommand &gt; runQuickHealthCheck() &gt; should show monitor status bar when user chooses Monitor" time="0.0014458">
        </testcase>
        <testcase classname="src/test/unit/commands/diagnosticsCommand.test.ts" name="diagnosticsCommand &gt; runQuickHealthCheck() &gt; should handle undefined user choice gracefully" time="0.0026343">
        </testcase>
    </testsuite>
    <testsuite name="src/test/unit/commands/exportAllCommand.test.ts" timestamp="2026-05-03T20:12:28.646Z" hostname="Glaptop" tests="22" failures="0" errors="0" skipped="0" time="0.0495881">
        <testcase classname="src/test/unit/commands/exportAllCommand.test.ts" name="exportAllCommand &gt; runExportAllCommand() &gt; should handle export throttling when cooldown active" time="0.0060766">
        </testcase>
        <testcase classname="src/test/unit/commands/exportAllCommand.test.ts" name="exportAllCommand &gt; runExportAllCommand() &gt; should handle no active editor" time="0.0012547">
        </testcase>
        <testcase classname="src/test/unit/commands/exportAllCommand.test.ts" name="exportAllCommand &gt; runExportAllCommand() &gt; should handle no mermaid diagrams found" time="0.0015459">
        </testcase>
        <testcase classname="src/test/unit/commands/exportAllCommand.test.ts" name="exportAllCommand &gt; runExportAllCommand() &gt; should delegate to single export when only one diagram found" time="0.0012251">
        </testcase>
        <testcase classname="src/test/unit/commands/exportAllCommand.test.ts" name="exportAllCommand &gt; runExportAllCommand() &gt; should show options when multiple diagrams found" time="0.0032374">
        </testcase>
        <testcase classname="src/test/unit/commands/exportAllCommand.test.ts" name="exportAllCommand &gt; runExportAllCommand() &gt; should handle &quot;Export All&quot; choice" time="0.0034107">
        </testcase>
        <testcase classname="src/test/unit/commands/exportAllCommand.test.ts" name="exportAllCommand &gt; runExportAllCommand() &gt; should handle &quot;Export Single&quot; choice" time="0.0022272">
        </testcase>
        <testcase classname="src/test/unit/commands/exportAllCommand.test.ts" name="exportAllCommand &gt; runExportAllCommand() &gt; should handle &quot;Custom Export Options&quot; choice" time="0.0020967">
        </testcase>
        <testcase classname="src/test/unit/commands/exportAllCommand.test.ts" name="exportAllCommand &gt; runExportAllCommand() &gt; should handle user cancellation during format selection" time="0.0016586">
        </testcase>
        <testcase classname="src/test/unit/commands/exportAllCommand.test.ts" name="exportAllCommand &gt; runExportAllCommand() &gt; should handle user cancellation during theme selection" time="0.0010764">
        </testcase>
        <testcase classname="src/test/unit/commands/exportAllCommand.test.ts" name="exportAllCommand &gt; runExportAllCommand() &gt; should handle .mmd files correctly" time="0.0008596">
        </testcase>
        <testcase classname="src/test/unit/commands/exportAllCommand.test.ts" name="exportAllCommand &gt; runExportAllCommand() &gt; should handle export strategy fallback" time="0.0019201">
        </testcase>
        <testcase classname="src/test/unit/commands/exportAllCommand.test.ts" name="exportAllCommand &gt; runExportAllCommand() &gt; should handle no available export strategies" time="0.0017955">
        </testcase>
        <testcase classname="src/test/unit/commands/exportAllCommand.test.ts" name="exportAllCommand &gt; runExportAllCommand() &gt; should open provided document URI before processing" time="0.0022761">
        </testcase>
        <testcase classname="src/test/unit/commands/exportAllCommand.test.ts" name="exportAllCommand &gt; runExportAllCommand() &gt; should handle partial export failures gracefully" time="0.002162">
        </testcase>
        <testcase classname="src/test/unit/commands/exportAllCommand.test.ts" name="exportAllCommand &gt; runExportAllCommand() &gt; should show error when all exports fail" time="0.0039243">
        </testcase>
        <testcase classname="src/test/unit/commands/exportAllCommand.test.ts" name="exportAllCommand &gt; runExportAllCommand() &gt; should handle &quot;Open File&quot; action for single export" time="0.0017341">
        </testcase>
        <testcase classname="src/test/unit/commands/exportAllCommand.test.ts" name="exportAllCommand &gt; runExportAllCommand() &gt; should handle &quot;Copy Paths&quot; action" time="0.0025774">
        </testcase>
        <testcase classname="src/test/unit/commands/exportAllCommand.test.ts" name="exportAllCommand &gt; runExportAllCommand() &gt; should extract diagrams with preserved indentation" time="0.0008913">
        </testcase>
        <testcase classname="src/test/unit/commands/exportAllCommand.test.ts" name="exportAllCommand &gt; Diagram Extraction &gt; should extract multiple diagrams from markdown" time="0.0018997">
        </testcase>
        <testcase classname="src/test/unit/commands/exportAllCommand.test.ts" name="exportAllCommand &gt; Diagram Extraction &gt; should ignore non-mermaid code blocks" time="0.0012974">
        </testcase>
        <testcase classname="src/test/unit/commands/exportAllCommand.test.ts" name="exportAllCommand &gt; Diagram Extraction &gt; should handle empty mermaid blocks" time="0.0012402">
        </testcase>
    </testsuite>
    <testsuite name="src/test/unit/commands/exportCommand.test.ts" timestamp="2026-05-03T20:12:28.650Z" hostname="Glaptop" tests="13" failures="0" errors="0" skipped="0" time="0.0682452">
        <testcase classname="src/test/unit/commands/exportCommand.test.ts" name="Export Command Tests &gt; runExportCommand &gt; should handle no active editor gracefully" time="0.0107778">
            <system-out>
[DEBUG exportCommand] Starting export command...
[DEBUG exportCommand] preferAuto: [33mfalse[39m
[DEBUG exportCommand] testOutputPath: [90mundefined[39m

            </system-out>
        </testcase>
        <testcase classname="src/test/unit/commands/exportCommand.test.ts" name="Export Command Tests &gt; runExportCommand &gt; should handle export throttling when cooldown active" time="0.0024536">
            <system-out>
[DEBUG exportCommand] Starting export command...
[DEBUG exportCommand] preferAuto: [33mfalse[39m
[DEBUG exportCommand] testOutputPath: [90mundefined[39m

            </system-out>
        </testcase>
        <testcase classname="src/test/unit/commands/exportCommand.test.ts" name="Export Command Tests &gt; runExportCommand &gt; should handle missing mermaid content" time="0.0028786">
            <system-out>
[DEBUG exportCommand] Starting export command...
[DEBUG exportCommand] preferAuto: [33mfalse[39m
[DEBUG exportCommand] testOutputPath: [90mundefined[39m

            </system-out>
        </testcase>
        <testcase classname="src/test/unit/commands/exportCommand.test.ts" name="Export Command Tests &gt; runExportCommand &gt; should successfully export with auto naming when preferAuto is true" time="0.0103948">
            <system-out>
[DEBUG exportCommand] Starting export command...
[DEBUG exportCommand] preferAuto: [33mtrue[39m
[DEBUG exportCommand] testOutputPath: [90mundefined[39m

[DEBUG exportCommand] Creating FormatPreferenceManager...
[DEBUG exportCommand] About to persist format preference...

[DEBUG exportCommand] Format preference persisted
[DEBUG exportCommand] Checking preferAuto flag: [33mtrue[39m
[DEBUG exportCommand] preferAuto=true, generating filename...

[DEBUG exportCommand] Generated outputPath with mode versioned : /test/output.svg
[DEBUG exportCommand] Checking if should skip export...

[DEBUG exportCommand] File needs export, proceeding...
[DEBUG exportCommand] About to start withProgress...
[DEBUG exportCommand] Inside withProgress callback
[DEBUG exportCommand] Starting timeout monitoring...
[DEBUG exportCommand] Timeout monitoring started
[DEBUG exportCommand] About to select strategy...

[DEBUG exportCommand] Strategy selected: CLI Export Strategy
[DEBUG exportCommand] About to call strategy.export()...

[DEBUG exportCommand] Export completed, buffer size: [33m16[39m
[DEBUG exportCommand] About to write file to: /test/output.svg

[DEBUG exportCommand] File written successfully

[DEBUG exportCommand] File stats: [33m1024[39m bytes
[DEBUG exportCommand] Completing operation...
[DEBUG exportCommand] Operation marked complete

            </system-out>
        </testcase>
        <testcase classname="src/test/unit/commands/exportCommand.test.ts" name="Export Command Tests &gt; runExportCommand &gt; should use save dialog when preferAuto is false" time="0.0066489">
            <system-out>
[DEBUG exportCommand] Starting export command...
[DEBUG exportCommand] preferAuto: [33mfalse[39m
[DEBUG exportCommand] testOutputPath: [90mundefined[39m

[DEBUG exportCommand] Creating FormatPreferenceManager...
[DEBUG exportCommand] About to persist format preference...

[DEBUG exportCommand] Format preference persisted
[DEBUG exportCommand] Checking preferAuto flag: [33mfalse[39m
[DEBUG exportCommand] preferAuto=false, showing save dialog...
[DialogService] getDialogService() called, returning: DialogService
[DEBUG getOutputPath] dialogService: DialogService
[DEBUG getOutputPath] Calling showSaveDialog with defaultUri: \test\workspace\file.png

[DEBUG getOutputPath] showSaveDialog result: /custom/path.png

[DEBUG exportCommand] Checking if should skip export...

[DEBUG exportCommand] File needs export, proceeding...
[DEBUG exportCommand] About to start withProgress...
[DEBUG exportCommand] Inside withProgress callback
[DEBUG exportCommand] Starting timeout monitoring...
[DEBUG exportCommand] Timeout monitoring started
[DEBUG exportCommand] About to select strategy...

[DEBUG exportCommand] Strategy selected: CLI Export Strategy
[DEBUG exportCommand] About to call strategy.export()...

[DEBUG exportCommand] Export completed, buffer size: [33m16[39m
[DEBUG exportCommand] About to write file to: /custom/path.png

[DEBUG exportCommand] File written successfully

[DEBUG exportCommand] File stats: [33m1024[39m bytes
[DEBUG exportCommand] Completing operation...
[DEBUG exportCommand] Operation marked complete

            </system-out>
        </testcase>
        <testcase classname="src/test/unit/commands/exportCommand.test.ts" name="Export Command Tests &gt; runExportCommand &gt; should handle user cancellation during format selection" time="0.0017937">
            <system-out>
[DEBUG exportCommand] Starting export command...
[DEBUG exportCommand] preferAuto: [33mfalse[39m
[DEBUG exportCommand] testOutputPath: [90mundefined[39m

            </system-out>
        </testcase>
        <testcase classname="src/test/unit/commands/exportCommand.test.ts" name="Export Command Tests &gt; runExportCommand &gt; should handle user cancellation during theme selection" time="0.0013424">
            <system-out>
[DEBUG exportCommand] Starting export command...
[DEBUG exportCommand] preferAuto: [33mfalse[39m
[DEBUG exportCommand] testOutputPath: [90mundefined[39m

            </system-out>
        </testcase>
        <testcase classname="src/test/unit/commands/exportCommand.test.ts" name="Export Command Tests &gt; runExportCommand &gt; should fallback to web strategy when CLI unavailable" time="0.0037747">
            <system-out>
[DEBUG exportCommand] Starting export command...
[DEBUG exportCommand] preferAuto: [33mtrue[39m
[DEBUG exportCommand] testOutputPath: [90mundefined[39m

[DEBUG exportCommand] Creating FormatPreferenceManager...
[DEBUG exportCommand] About to persist format preference...

[DEBUG exportCommand] Format preference persisted
[DEBUG exportCommand] Checking preferAuto flag: [33mtrue[39m
[DEBUG exportCommand] preferAuto=true, generating filename...

[DEBUG exportCommand] Generated outputPath with mode versioned : /test/output.svg
[DEBUG exportCommand] Checking if should skip export...

[DEBUG exportCommand] File needs export, proceeding...
[DEBUG exportCommand] About to start withProgress...
[DEBUG exportCommand] Inside withProgress callback
[DEBUG exportCommand] Starting timeout monitoring...
[DEBUG exportCommand] Timeout monitoring started
[DEBUG exportCommand] About to select strategy...

[DEBUG exportCommand] Strategy selected: Web Export Strategy
[DEBUG exportCommand] About to call strategy.export()...

[DEBUG exportCommand] Export completed, buffer size: [33m16[39m
[DEBUG exportCommand] About to write file to: /test/output.svg

[DEBUG exportCommand] File written successfully

[DEBUG exportCommand] File stats: [33m1024[39m bytes
[DEBUG exportCommand] Completing operation...
[DEBUG exportCommand] Operation marked complete

            </system-out>
        </testcase>
        <testcase classname="src/test/unit/commands/exportCommand.test.ts" name="Export Command Tests &gt; runExportCommand &gt; should handle export strategy errors gracefully" time="0.0048966">
            <system-out>
[DEBUG exportCommand] Starting export command...
[DEBUG exportCommand] preferAuto: [33mtrue[39m
[DEBUG exportCommand] testOutputPath: [90mundefined[39m

[DEBUG exportCommand] Creating FormatPreferenceManager...
[DEBUG exportCommand] About to persist format preference...

[DEBUG exportCommand] Format preference persisted
[DEBUG exportCommand] Checking preferAuto flag: [33mtrue[39m
[DEBUG exportCommand] preferAuto=true, generating filename...

[DEBUG exportCommand] Generated outputPath with mode versioned : /test/output.svg
[DEBUG exportCommand] Checking if should skip export...

[DEBUG exportCommand] File needs export, proceeding...
[DEBUG exportCommand] About to start withProgress...
[DEBUG exportCommand] Inside withProgress callback
[DEBUG exportCommand] Starting timeout monitoring...
[DEBUG exportCommand] Timeout monitoring started
[DEBUG exportCommand] About to select strategy...

[DEBUG exportCommand] Strategy selected: CLI Export Strategy
[DEBUG exportCommand] About to call strategy.export()...

            </system-out>
        </testcase>
        <testcase classname="src/test/unit/commands/exportCommand.test.ts" name="Export Command Tests &gt; runExportCommand &gt; should open document when documentUri is provided" time="0.0054945">
            <system-out>
[DEBUG exportCommand] Starting export command...
[DEBUG exportCommand] preferAuto: [33mtrue[39m
[DEBUG exportCommand] testOutputPath: [90mundefined[39m

[DEBUG exportCommand] Creating FormatPreferenceManager...
[DEBUG exportCommand] About to persist format preference...

[DEBUG exportCommand] Format preference persisted
[DEBUG exportCommand] Checking preferAuto flag: [33mtrue[39m
[DEBUG exportCommand] preferAuto=true, generating filename...

[DEBUG exportCommand] Generated outputPath with mode versioned : /test/output.svg
[DEBUG exportCommand] Checking if should skip export...

[DEBUG exportCommand] File needs export, proceeding...
[DEBUG exportCommand] About to start withProgress...
[DEBUG exportCommand] Inside withProgress callback
[DEBUG exportCommand] Starting timeout monitoring...
[DEBUG exportCommand] Timeout monitoring started
[DEBUG exportCommand] About to select strategy...

[DEBUG exportCommand] Strategy selected: CLI Export Strategy
[DEBUG exportCommand] About to call strategy.export()...

[DEBUG exportCommand] Export completed, buffer size: [33m16[39m
[DEBUG exportCommand] About to write file to: /test/output.svg

[DEBUG exportCommand] File written successfully

[DEBUG exportCommand] File stats: [33m1024[39m bytes
[DEBUG exportCommand] Completing operation...
[DEBUG exportCommand] Operation marked complete

            </system-out>
        </testcase>
        <testcase classname="src/test/unit/commands/exportCommand.test.ts" name="Export Command Tests &gt; Helper Functions &gt; should extract mermaid content from .mmd files" time="0.0042658">
            <system-out>
[DEBUG exportCommand] Starting export command...
[DEBUG exportCommand] preferAuto: [33mtrue[39m
[DEBUG exportCommand] testOutputPath: [90mundefined[39m

[DEBUG exportCommand] Creating FormatPreferenceManager...
[DEBUG exportCommand] About to persist format preference...

[DEBUG exportCommand] Format preference persisted
[DEBUG exportCommand] Checking preferAuto flag: [33mtrue[39m
[DEBUG exportCommand] preferAuto=true, generating filename...

[DEBUG exportCommand] Generated outputPath with mode versioned : /test/output.svg
[DEBUG exportCommand] Checking if should skip export...

[DEBUG exportCommand] File needs export, proceeding...
[DEBUG exportCommand] About to start withProgress...
[DEBUG exportCommand] Inside withProgress callback
[DEBUG exportCommand] Starting timeout monitoring...
[DEBUG exportCommand] Timeout monitoring started
[DEBUG exportCommand] About to select strategy...

[DEBUG exportCommand] Strategy selected: CLI Export Strategy
[DEBUG exportCommand] About to call strategy.export()...

[DEBUG exportCommand] Export completed, buffer size: [33m16[39m
[DEBUG exportCommand] About to write file to: /test/output.svg

[DEBUG exportCommand] File written successfully

[DEBUG exportCommand] File stats: [33m1024[39m bytes
[DEBUG exportCommand] Completing operation...
[DEBUG exportCommand] Operation marked complete

            </system-out>
        </testcase>
        <testcase classname="src/test/unit/commands/exportCommand.test.ts" name="Export Command Tests &gt; Helper Functions &gt; should extract mermaid content from markdown code blocks" time="0.0057138">
            <system-out>
[DEBUG exportCommand] Starting export command...
[DEBUG exportCommand] preferAuto: [33mtrue[39m
[DEBUG exportCommand] testOutputPath: [90mundefined[39m

[DEBUG exportCommand] Creating FormatPreferenceManager...
[DEBUG exportCommand] About to persist format preference...

[DEBUG exportCommand] Format preference persisted
[DEBUG exportCommand] Checking preferAuto flag: [33mtrue[39m
[DEBUG exportCommand] preferAuto=true, generating filename...

[DEBUG exportCommand] Generated outputPath with mode versioned : /test/output.svg
[DEBUG exportCommand] Checking if should skip export...

[DEBUG exportCommand] File needs export, proceeding...
[DEBUG exportCommand] About to start withProgress...
[DEBUG exportCommand] Inside withProgress callback
[DEBUG exportCommand] Starting timeout monitoring...
[DEBUG exportCommand] Timeout monitoring started
[DEBUG exportCommand] About to select strategy...

[DEBUG exportCommand] Strategy selected: CLI Export Strategy
[DEBUG exportCommand] About to call strategy.export()...

[DEBUG exportCommand] Export completed, buffer size: [33m16[39m
[DEBUG exportCommand] About to write file to: /test/output.svg

[DEBUG exportCommand] File written successfully

[DEBUG exportCommand] File stats: [33m1024[39m bytes
[DEBUG exportCommand] Completing operation...
[DEBUG exportCommand] Operation marked complete

            </system-out>
        </testcase>
        <testcase classname="src/test/unit/commands/exportCommand.test.ts" name="Export Command Tests &gt; Helper Functions &gt; should handle selected text with mermaid syntax" time="0.0039271">
            <system-out>
[DEBUG exportCommand] Starting export command...
[DEBUG exportCommand] preferAuto: [33mtrue[39m
[DEBUG exportCommand] testOutputPath: [90mundefined[39m

[DEBUG exportCommand] Creating FormatPreferenceManager...
[DEBUG exportCommand] About to persist format preference...

[DEBUG exportCommand] Format preference persisted
[DEBUG exportCommand] Checking preferAuto flag: [33mtrue[39m
[DEBUG exportCommand] preferAuto=true, generating filename...

[DEBUG exportCommand] Generated outputPath with mode versioned : /test/output.svg
[DEBUG exportCommand] Checking if should skip export...

[DEBUG exportCommand] File needs export, proceeding...
[DEBUG exportCommand] About to start withProgress...
[DEBUG exportCommand] Inside withProgress callback
[DEBUG exportCommand] Starting timeout monitoring...
[DEBUG exportCommand] Timeout monitoring started
[DEBUG exportCommand] About to select strategy...

[DEBUG exportCommand] Strategy selected: CLI Export Strategy
[DEBUG exportCommand] About to call strategy.export()...

[DEBUG exportCommand] Export completed, buffer size: [33m16[39m
[DEBUG exportCommand] About to write file to: /test/output.svg

[DEBUG exportCommand] File written successfully

[DEBUG exportCommand] File stats: [33m1024[39m bytes
[DEBUG exportCommand] Completing operation...
[DEBUG exportCommand] Operation marked complete

            </system-out>
        </testcase>
    </testsuite>
    <testsuite name="src/test/unit/integration/autoNaming.integration.test.ts" timestamp="2026-05-03T20:12:28.657Z" hostname="Glaptop" tests="21" failures="0" errors="0" skipped="0" time="0.0846872">
        <testcase classname="src/test/unit/integration/autoNaming.integration.test.ts" name="AutoNaming Integration Tests &gt; Versioned Mode - Happy Path &gt; should create first versioned file with sequence 01" time="0.0113812">
        </testcase>
        <testcase classname="src/test/unit/integration/autoNaming.integration.test.ts" name="AutoNaming Integration Tests &gt; Versioned Mode - Happy Path &gt; should reuse existing file when content matches" time="0.0063901">
        </testcase>
        <testcase classname="src/test/unit/integration/autoNaming.integration.test.ts" name="AutoNaming Integration Tests &gt; Versioned Mode - Happy Path &gt; should create new versioned file when content differs" time="0.0068107">
        </testcase>
        <testcase classname="src/test/unit/integration/autoNaming.integration.test.ts" name="AutoNaming Integration Tests &gt; Versioned Mode - Happy Path &gt; should reuse first file when re-exporting original content" time="0.0050815">
        </testcase>
        <testcase classname="src/test/unit/integration/autoNaming.integration.test.ts" name="AutoNaming Integration Tests &gt; Versioned Mode - Happy Path &gt; should handle whitespace variations consistently" time="0.0044182">
        </testcase>
        <testcase classname="src/test/unit/integration/autoNaming.integration.test.ts" name="AutoNaming Integration Tests &gt; Versioned Mode - Happy Path &gt; should support multiple export formats independently" time="0.0073884">
        </testcase>
        <testcase classname="src/test/unit/integration/autoNaming.integration.test.ts" name="AutoNaming Integration Tests &gt; Overwrite Mode - Happy Path &gt; should create simple filename without hash" time="0.0026157">
        </testcase>
        <testcase classname="src/test/unit/integration/autoNaming.integration.test.ts" name="AutoNaming Integration Tests &gt; Overwrite Mode - Happy Path &gt; should always return same filename for same baseName" time="0.004451">
        </testcase>
        <testcase classname="src/test/unit/integration/autoNaming.integration.test.ts" name="AutoNaming Integration Tests &gt; Overwrite Mode - Happy Path &gt; should only have one file after multiple exports" time="0.0060204">
        </testcase>
        <testcase classname="src/test/unit/integration/autoNaming.integration.test.ts" name="AutoNaming Integration Tests &gt; Overwrite Mode - Happy Path &gt; should extract diagram number from baseName" time="0.0017262">
        </testcase>
        <testcase classname="src/test/unit/integration/autoNaming.integration.test.ts" name="AutoNaming Integration Tests &gt; shouldSkipExport - Skip Logic &gt; should skip export when versioned file exists" time="0.0033766">
        </testcase>
        <testcase classname="src/test/unit/integration/autoNaming.integration.test.ts" name="AutoNaming Integration Tests &gt; shouldSkipExport - Skip Logic &gt; should not skip when versioned file does not exist" time="0.0015711">
        </testcase>
        <testcase classname="src/test/unit/integration/autoNaming.integration.test.ts" name="AutoNaming Integration Tests &gt; shouldSkipExport - Skip Logic &gt; should never skip in overwrite mode" time="0.0029093">
        </testcase>
        <testcase classname="src/test/unit/integration/autoNaming.integration.test.ts" name="AutoNaming Integration Tests &gt; shouldSkipExport - Skip Logic &gt; should detect versioned pattern correctly" time="0.0032285">
        </testcase>
        <testcase classname="src/test/unit/integration/autoNaming.integration.test.ts" name="AutoNaming Integration Tests &gt; Security &amp; Edge Cases &gt; should sanitize baseName with invalid characters" time="0.0016899">
        </testcase>
        <testcase classname="src/test/unit/integration/autoNaming.integration.test.ts" name="AutoNaming Integration Tests &gt; Security &amp; Edge Cases &gt; should handle empty content gracefully" time="0.0016038">
        </testcase>
        <testcase classname="src/test/unit/integration/autoNaming.integration.test.ts" name="AutoNaming Integration Tests &gt; Security &amp; Edge Cases &gt; should handle very long content" time="0.0016646">
        </testcase>
        <testcase classname="src/test/unit/integration/autoNaming.integration.test.ts" name="AutoNaming Integration Tests &gt; Security &amp; Edge Cases &gt; should handle concurrent exports safely" time="0.0017026">
        </testcase>
        <testcase classname="src/test/unit/integration/autoNaming.integration.test.ts" name="AutoNaming Integration Tests &gt; Security &amp; Edge Cases &gt; should validate directory permissions" time="0.001363">
        </testcase>
        <testcase classname="src/test/unit/integration/autoNaming.integration.test.ts" name="AutoNaming Integration Tests &gt; Security &amp; Edge Cases &gt; should handle non-existent directory gracefully" time="0.0014941">
        </testcase>
        <testcase classname="src/test/unit/integration/autoNaming.integration.test.ts" name="AutoNaming Integration Tests &gt; Cross-Mode Integration &gt; should not confuse versioned and overwrite files" time="0.0044935">
        </testcase>
    </testsuite>
    <testsuite name="src/test/unit/integration/batchExport.integration.test.ts" timestamp="2026-05-03T20:12:28.660Z" hostname="Glaptop" tests="7" failures="0" errors="0" skipped="0" time="2.4540198">
        <testcase classname="src/test/unit/integration/batchExport.integration.test.ts" name="Export Folder v2 - Integration Tests &gt; Service Integration &gt; should discover files and create batch successfully" time="0.047297">
        </testcase>
        <testcase classname="src/test/unit/integration/batchExport.integration.test.ts" name="Export Folder v2 - Integration Tests &gt; Service Integration &gt; should handle multi-format export correctly" time="0.0824679">
        </testcase>
        <testcase classname="src/test/unit/integration/batchExport.integration.test.ts" name="Export Folder v2 - Integration Tests &gt; Service Integration &gt; should estimate batch duration accurately" time="0.4112116">
        </testcase>
        <testcase classname="src/test/unit/integration/batchExport.integration.test.ts" name="Export Folder v2 - Integration Tests &gt; Service Integration &gt; should optimize job order based on complexity and priority" time="0.0150842">
        </testcase>
        <testcase classname="src/test/unit/integration/batchExport.integration.test.ts" name="Export Folder v2 - Integration Tests &gt; Service Integration &gt; should validate batch configuration before execution" time="1.8822596">
        </testcase>
        <testcase classname="src/test/unit/integration/batchExport.integration.test.ts" name="Export Folder v2 - Integration Tests &gt; Error Handling Integration &gt; should handle discovery errors gracefully" time="0.0032952">
        </testcase>
        <testcase classname="src/test/unit/integration/batchExport.integration.test.ts" name="Export Folder v2 - Integration Tests &gt; Error Handling Integration &gt; should handle batch creation errors" time="0.0086459">
        </testcase>
    </testsuite>
    <testsuite name="src/test/unit/providers/mermaidCodeLensProvider.test.ts" timestamp="2026-05-03T20:12:28.661Z" hostname="Glaptop" tests="2" failures="0" errors="0" skipped="0" time="0.0124383">
        <testcase classname="src/test/unit/providers/mermaidCodeLensProvider.test.ts" name="MermaidCodeLensProvider &gt; returns no CodeLenses for non-markdown documents" time="0.0051115">
            <system-out>
[mermaidExportPro] MermaidCodeLensProvider constructed

            </system-out>
        </testcase>
        <testcase classname="src/test/unit/providers/mermaidCodeLensProvider.test.ts" name="MermaidCodeLensProvider &gt; detects mermaid blocks and returns CodeLenses" time="0.0047228">
            <system-out>
[mermaidExportPro] MermaidCodeLensProvider constructed

            </system-out>
        </testcase>
    </testsuite>
    <testsuite name="src/test/unit/services/batchExport.integration.test.ts" timestamp="2026-05-03T20:12:28.662Z" hostname="Glaptop" tests="7" failures="0" errors="0" skipped="0" time="2.797372">
        <testcase classname="src/test/unit/services/batchExport.integration.test.ts" name="Export Folder v2 - Integration Tests &gt; Service Integration &gt; should discover files and create batch successfully" time="0.0437967">
        </testcase>
        <testcase classname="src/test/unit/services/batchExport.integration.test.ts" name="Export Folder v2 - Integration Tests &gt; Service Integration &gt; should handle multi-format export correctly" time="0.0582866">
        </testcase>
        <testcase classname="src/test/unit/services/batchExport.integration.test.ts" name="Export Folder v2 - Integration Tests &gt; Service Integration &gt; should estimate batch duration accurately" time="0.5397818">
        </testcase>
        <testcase classname="src/test/unit/services/batchExport.integration.test.ts" name="Export Folder v2 - Integration Tests &gt; Service Integration &gt; should optimize job order based on complexity and priority" time="0.4811713">
        </testcase>
        <testcase classname="src/test/unit/services/batchExport.integration.test.ts" name="Export Folder v2 - Integration Tests &gt; Service Integration &gt; should validate batch configuration before execution" time="1.6634718">
        </testcase>
        <testcase classname="src/test/unit/services/batchExport.integration.test.ts" name="Export Folder v2 - Integration Tests &gt; Error Handling Integration &gt; should handle discovery errors gracefully" time="0.0027984">
        </testcase>
        <testcase classname="src/test/unit/services/batchExport.integration.test.ts" name="Export Folder v2 - Integration Tests &gt; Error Handling Integration &gt; should handle batch creation errors" time="0.0045163">
        </testcase>
    </testsuite>
    <testsuite name="src/test/unit/services/batchExportEngine.simple.test.ts" timestamp="2026-05-03T20:12:28.663Z" hostname="Glaptop" tests="11" failures="0" errors="0" skipped="0" time="1.6887305">
        <testcase classname="src/test/unit/services/batchExportEngine.simple.test.ts" name="BatchExportEngine - Core Functionality &gt; Batch Creation &gt; should create batch with proper job distribution" time="0.0098609">
        </testcase>
        <testcase classname="src/test/unit/services/batchExportEngine.simple.test.ts" name="BatchExportEngine - Core Functionality &gt; Batch Creation &gt; should handle single format export" time="0.00226">
        </testcase>
        <testcase classname="src/test/unit/services/batchExportEngine.simple.test.ts" name="BatchExportEngine - Core Functionality &gt; Batch Creation &gt; should calculate batch metadata correctly" time="0.0056796">
        </testcase>
        <testcase classname="src/test/unit/services/batchExportEngine.simple.test.ts" name="BatchExportEngine - Core Functionality &gt; Job Optimization &gt; should optimize job order by priority" time="0.0010966">
        </testcase>
        <testcase classname="src/test/unit/services/batchExportEngine.simple.test.ts" name="BatchExportEngine - Core Functionality &gt; Job Optimization &gt; should maintain all jobs during optimization" time="0.0024892">
        </testcase>
        <testcase classname="src/test/unit/services/batchExportEngine.simple.test.ts" name="BatchExportEngine - Core Functionality &gt; Duration Estimation &gt; should provide duration estimates" time="0.0050651">
        </testcase>
        <testcase classname="src/test/unit/services/batchExportEngine.simple.test.ts" name="BatchExportEngine - Core Functionality &gt; Duration Estimation &gt; should scale estimates with job count" time="0.0028567">
        </testcase>
        <testcase classname="src/test/unit/services/batchExportEngine.simple.test.ts" name="BatchExportEngine - Core Functionality &gt; Batch Validation &gt; should validate valid batch configuration" time="1.6485435">
        </testcase>
        <testcase classname="src/test/unit/services/batchExportEngine.simple.test.ts" name="BatchExportEngine - Core Functionality &gt; Batch Validation &gt; should handle empty job lists" time="0.0023524">
        </testcase>
        <testcase classname="src/test/unit/services/batchExportEngine.simple.test.ts" name="BatchExportEngine - Core Functionality &gt; Error Handling &gt; should handle invalid configuration gracefully" time="0.0030971">
        </testcase>
        <testcase classname="src/test/unit/services/batchExportEngine.simple.test.ts" name="BatchExportEngine - Core Functionality &gt; Error Handling &gt; should provide meaningful error messages" time="0.0009717">
        </testcase>
    </testsuite>
    <testsuite name="src/test/unit/services/batchExportEngine.test.ts" timestamp="2026-05-03T20:12:28.666Z" hostname="Glaptop" tests="14" failures="0" errors="0" skipped="0" time="3.3016873">
        <testcase classname="src/test/unit/services/batchExportEngine.test.ts" name="BatchExportEngine &gt; Batch Creation &gt; should create batch with proper job distribution" time="0.0110443">
        </testcase>
        <testcase classname="src/test/unit/services/batchExportEngine.test.ts" name="BatchExportEngine &gt; Batch Creation &gt; should calculate batch metadata correctly" time="0.0050197">
        </testcase>
        <testcase classname="src/test/unit/services/batchExportEngine.test.ts" name="BatchExportEngine &gt; Batch Creation &gt; should organize output paths by format when configured" time="0.0029279">
        </testcase>
        <testcase classname="src/test/unit/services/batchExportEngine.test.ts" name="BatchExportEngine &gt; Job Optimization &gt; should optimize job order by priority and complexity" time="0.0007126">
        </testcase>
        <testcase classname="src/test/unit/services/batchExportEngine.test.ts" name="BatchExportEngine &gt; Job Optimization &gt; should group similar jobs for efficiency" time="0.0018917">
        </testcase>
        <testcase classname="src/test/unit/services/batchExportEngine.test.ts" name="BatchExportEngine &gt; Duration Estimation &gt; should estimate batch duration based on job complexity" time="0.0013576">
        </testcase>
        <testcase classname="src/test/unit/services/batchExportEngine.test.ts" name="BatchExportEngine &gt; Duration Estimation &gt; should adjust estimates for execution strategy" time="0.0017729">
        </testcase>
        <testcase classname="src/test/unit/services/batchExportEngine.test.ts" name="BatchExportEngine &gt; Batch Validation &gt; should validate batch configuration" time="1.5324068">
        </testcase>
        <testcase classname="src/test/unit/services/batchExportEngine.test.ts" name="BatchExportEngine &gt; Batch Validation &gt; should detect circular dependencies" time="1.1970534">
        </testcase>
        <testcase classname="src/test/unit/services/batchExportEngine.test.ts" name="BatchExportEngine &gt; Batch Validation &gt; should validate output directory accessibility" time="0.534409">
        </testcase>
        <testcase classname="src/test/unit/services/batchExportEngine.test.ts" name="BatchExportEngine &gt; Error Handling &gt; should handle job failures gracefully" time="0.0001497">
        </testcase>
        <testcase classname="src/test/unit/services/batchExportEngine.test.ts" name="BatchExportEngine &gt; Error Handling &gt; should provide meaningful error messages" time="0.0003777">
        </testcase>
        <testcase classname="src/test/unit/services/batchExportEngine.test.ts" name="BatchExportEngine &gt; Performance &gt; should handle large batches efficiently" time="0.0033719">
        </testcase>
        <testcase classname="src/test/unit/services/batchExportEngine.test.ts" name="BatchExportEngine &gt; Performance &gt; should optimize memory usage" time="0.0007936">
        </testcase>
    </testsuite>
    <testsuite name="src/test/unit/services/configManager.test.ts" timestamp="2026-05-03T20:12:28.668Z" hostname="Glaptop" tests="35" failures="0" errors="0" skipped="0" time="0.0565634">
        <testcase classname="src/test/unit/services/configManager.test.ts" name="ConfigManager &gt; Configuration Getters &gt; should return default format when configured" time="0.0079231">
        </testcase>
        <testcase classname="src/test/unit/services/configManager.test.ts" name="ConfigManager &gt; Configuration Getters &gt; should return default format &quot;png&quot; when not configured" time="0.0013678">
        </testcase>
        <testcase classname="src/test/unit/services/configManager.test.ts" name="ConfigManager &gt; Configuration Getters &gt; should return theme when configured" time="0.0014232">
        </testcase>
        <testcase classname="src/test/unit/services/configManager.test.ts" name="ConfigManager &gt; Configuration Getters &gt; should return default theme &quot;default&quot; when not configured" time="0.0009967">
        </testcase>
        <testcase classname="src/test/unit/services/configManager.test.ts" name="ConfigManager &gt; Configuration Getters &gt; should return output directory when configured" time="0.0012909">
        </testcase>
        <testcase classname="src/test/unit/services/configManager.test.ts" name="ConfigManager &gt; Configuration Getters &gt; should return empty string for output directory when not configured" time="0.0009446">
        </testcase>
        <testcase classname="src/test/unit/services/configManager.test.ts" name="ConfigManager &gt; Configuration Getters &gt; should return auto export enabled status" time="0.0008324">
        </testcase>
        <testcase classname="src/test/unit/services/configManager.test.ts" name="ConfigManager &gt; Configuration Getters &gt; should return false for auto export when not configured" time="0.0008268">
        </testcase>
        <testcase classname="src/test/unit/services/configManager.test.ts" name="ConfigManager &gt; Configuration Getters &gt; should return export strategy when configured" time="0.001611">
        </testcase>
        <testcase classname="src/test/unit/services/configManager.test.ts" name="ConfigManager &gt; Configuration Getters &gt; should return &quot;auto&quot; for export strategy when not configured" time="0.0009503">
        </testcase>
        <testcase classname="src/test/unit/services/configManager.test.ts" name="ConfigManager &gt; Configuration Getters &gt; should return default width when configured" time="0.0009843">
        </testcase>
        <testcase classname="src/test/unit/services/configManager.test.ts" name="ConfigManager &gt; Configuration Getters &gt; should return 800 for default width when not configured" time="0.0005798">
        </testcase>
        <testcase classname="src/test/unit/services/configManager.test.ts" name="ConfigManager &gt; Configuration Getters &gt; should return default height when configured" time="0.0006408">
        </testcase>
        <testcase classname="src/test/unit/services/configManager.test.ts" name="ConfigManager &gt; Configuration Getters &gt; should return 600 for default height when not configured" time="0.000606">
        </testcase>
        <testcase classname="src/test/unit/services/configManager.test.ts" name="ConfigManager &gt; Configuration Getters &gt; should return background color when configured" time="0.0006932">
        </testcase>
        <testcase classname="src/test/unit/services/configManager.test.ts" name="ConfigManager &gt; Configuration Getters &gt; should return &quot;transparent&quot; for background color when not configured" time="0.000648">
        </testcase>
        <testcase classname="src/test/unit/services/configManager.test.ts" name="ConfigManager &gt; Configuration Updates &gt; should update configuration with global target by default" time="0.0008755">
        </testcase>
        <testcase classname="src/test/unit/services/configManager.test.ts" name="ConfigManager &gt; Configuration Updates &gt; should update configuration with specified target" time="0.000864">
        </testcase>
        <testcase classname="src/test/unit/services/configManager.test.ts" name="ConfigManager &gt; Configuration Updates &gt; should handle boolean values" time="0.000647">
        </testcase>
        <testcase classname="src/test/unit/services/configManager.test.ts" name="ConfigManager &gt; Configuration Updates &gt; should handle number values" time="0.0006469">
        </testcase>
        <testcase classname="src/test/unit/services/configManager.test.ts" name="ConfigManager &gt; Configuration Updates &gt; should handle string values" time="0.0006192">
        </testcase>
        <testcase classname="src/test/unit/services/configManager.test.ts" name="ConfigManager &gt; Configuration Updates &gt; should handle complex object values" time="0.0016036">
        </testcase>
        <testcase classname="src/test/unit/services/configManager.test.ts" name="ConfigManager &gt; Configuration Updates &gt; should propagate update errors" time="0.0039462">
        </testcase>
        <testcase classname="src/test/unit/services/configManager.test.ts" name="ConfigManager &gt; Configuration Change Watching &gt; should register configuration change listener" time="0.00187">
        </testcase>
        <testcase classname="src/test/unit/services/configManager.test.ts" name="ConfigManager &gt; Configuration Change Watching &gt; should call callback when mermaidExportPro configuration changes" time="0.0015048">
        </testcase>
        <testcase classname="src/test/unit/services/configManager.test.ts" name="ConfigManager &gt; Configuration Change Watching &gt; should not call callback when other configuration changes" time="0.0015701">
        </testcase>
        <testcase classname="src/test/unit/services/configManager.test.ts" name="ConfigManager &gt; Configuration Change Watching &gt; should allow disposing the listener" time="0.0010692">
        </testcase>
        <testcase classname="src/test/unit/services/configManager.test.ts" name="ConfigManager &gt; Integration Scenarios &gt; should support complete update and read cycle" time="0.0014015">
        </testcase>
        <testcase classname="src/test/unit/services/configManager.test.ts" name="ConfigManager &gt; Integration Scenarios &gt; should handle multiple configuration reads efficiently" time="0.0017992">
        </testcase>
        <testcase classname="src/test/unit/services/configManager.test.ts" name="ConfigManager &gt; Integration Scenarios &gt; should handle configuration changes during active use" time="0.0015139">
        </testcase>
        <testcase classname="src/test/unit/services/configManager.test.ts" name="ConfigManager &gt; Font Awesome Configuration &gt; should return fontAwesomeEnabled true by default" time="0.0014001">
        </testcase>
        <testcase classname="src/test/unit/services/configManager.test.ts" name="ConfigManager &gt; Font Awesome Configuration &gt; should return fontAwesomeEnabled false when configured" time="0.0012855">
        </testcase>
        <testcase classname="src/test/unit/services/configManager.test.ts" name="ConfigManager &gt; Font Awesome Configuration &gt; should return empty customCss array by default" time="0.0012953">
        </testcase>
        <testcase classname="src/test/unit/services/configManager.test.ts" name="ConfigManager &gt; Font Awesome Configuration &gt; should return configured customCss URLs" time="0.0046855">
        </testcase>
        <testcase classname="src/test/unit/services/configManager.test.ts" name="ConfigManager &gt; Font Awesome Configuration &gt; should handle invalid customCss gracefully" time="0.00127">
        </testcase>
    </testsuite>
    <testsuite name="src/test/unit/services/diagramDiscoveryService.simple.test.ts" timestamp="2026-05-03T20:12:28.674Z" hostname="Glaptop" tests="15" failures="0" errors="0" skipped="0" time="0.0303431">
        <testcase classname="src/test/unit/services/diagramDiscoveryService.simple.test.ts" name="DiagramDiscoveryService - Core Functionality &gt; Diagram Extraction &gt; should extract single diagram from markdown" time="0.0115799">
        </testcase>
        <testcase classname="src/test/unit/services/diagramDiscoveryService.simple.test.ts" name="DiagramDiscoveryService - Core Functionality &gt; Diagram Extraction &gt; should extract multiple diagrams from markdown" time="0.0024504">
        </testcase>
        <testcase classname="src/test/unit/services/diagramDiscoveryService.simple.test.ts" name="DiagramDiscoveryService - Core Functionality &gt; Diagram Extraction &gt; should handle case-insensitive mermaid blocks" time="0.0016324">
        </testcase>
        <testcase classname="src/test/unit/services/diagramDiscoveryService.simple.test.ts" name="DiagramDiscoveryService - Core Functionality &gt; Diagram Extraction &gt; should preserve indentation in diagrams" time="0.0011935">
        </testcase>
        <testcase classname="src/test/unit/services/diagramDiscoveryService.simple.test.ts" name="DiagramDiscoveryService - Core Functionality &gt; Diagram Type Analysis &gt; should correctly identify flowchart diagrams" time="0.0012592">
        </testcase>
        <testcase classname="src/test/unit/services/diagramDiscoveryService.simple.test.ts" name="DiagramDiscoveryService - Core Functionality &gt; Diagram Type Analysis &gt; should correctly identify sequence diagrams" time="0.0008212">
        </testcase>
        <testcase classname="src/test/unit/services/diagramDiscoveryService.simple.test.ts" name="DiagramDiscoveryService - Core Functionality &gt; Diagram Type Analysis &gt; should identify class diagrams" time="0.0006532">
        </testcase>
        <testcase classname="src/test/unit/services/diagramDiscoveryService.simple.test.ts" name="DiagramDiscoveryService - Core Functionality &gt; Diagram Type Analysis &gt; should handle unknown diagram types" time="0.0005682">
        </testcase>
        <testcase classname="src/test/unit/services/diagramDiscoveryService.simple.test.ts" name="DiagramDiscoveryService - Core Functionality &gt; Complexity Calculation &gt; should calculate complexity for simple diagrams" time="0.001138">
        </testcase>
        <testcase classname="src/test/unit/services/diagramDiscoveryService.simple.test.ts" name="DiagramDiscoveryService - Core Functionality &gt; Complexity Calculation &gt; should calculate complexity for complex diagrams" time="0.0012852">
        </testcase>
        <testcase classname="src/test/unit/services/diagramDiscoveryService.simple.test.ts" name="DiagramDiscoveryService - Core Functionality &gt; Complexity Calculation &gt; should provide reasonable render time estimates" time="0.0004663">
        </testcase>
        <testcase classname="src/test/unit/services/diagramDiscoveryService.simple.test.ts" name="DiagramDiscoveryService - Core Functionality &gt; Error Handling &gt; should handle malformed diagram content gracefully" time="0.0009614">
        </testcase>
        <testcase classname="src/test/unit/services/diagramDiscoveryService.simple.test.ts" name="DiagramDiscoveryService - Core Functionality &gt; Error Handling &gt; should handle empty mermaid blocks" time="0.0004377">
        </testcase>
        <testcase classname="src/test/unit/services/diagramDiscoveryService.simple.test.ts" name="DiagramDiscoveryService - Core Functionality &gt; Error Handling &gt; should handle nested code blocks correctly" time="0.0008452">
        </testcase>
        <testcase classname="src/test/unit/services/diagramDiscoveryService.simple.test.ts" name="DiagramDiscoveryService - Validation &gt; should provide validation for diagrams" time="0.0012502">
        </testcase>
    </testsuite>
    <testsuite name="src/test/unit/services/diagramDiscoveryService.test.ts" timestamp="2026-05-03T20:12:28.676Z" hostname="Glaptop" tests="23" failures="0" errors="0" skipped="0" time="1.9847945">
        <testcase classname="src/test/unit/services/diagramDiscoveryService.test.ts" name="DiagramDiscoveryService &gt; File Discovery &gt; should discover .mmd files" time="0.0280002">
        </testcase>
        <testcase classname="src/test/unit/services/diagramDiscoveryService.test.ts" name="DiagramDiscoveryService &gt; File Discovery &gt; should discover markdown files with mermaid blocks" time="0.0286855">
        </testcase>
        <testcase classname="src/test/unit/services/diagramDiscoveryService.test.ts" name="DiagramDiscoveryService &gt; File Discovery &gt; should respect depth limits" time="0.0150104">
        </testcase>
        <testcase classname="src/test/unit/services/diagramDiscoveryService.test.ts" name="DiagramDiscoveryService &gt; File Discovery &gt; should exclude specified directories" time="0.0195432">
        </testcase>
        <testcase classname="src/test/unit/services/diagramDiscoveryService.test.ts" name="DiagramDiscoveryService &gt; Diagram Extraction &gt; should extract single diagram from .mmd file" time="0.0033186">
        </testcase>
        <testcase classname="src/test/unit/services/diagramDiscoveryService.test.ts" name="DiagramDiscoveryService &gt; Diagram Extraction &gt; should extract multiple diagrams from markdown" time="0.005186">
        </testcase>
        <testcase classname="src/test/unit/services/diagramDiscoveryService.test.ts" name="DiagramDiscoveryService &gt; Diagram Extraction &gt; should handle case-insensitive mermaid blocks" time="0.0037029">
        </testcase>
        <testcase classname="src/test/unit/services/diagramDiscoveryService.test.ts" name="DiagramDiscoveryService &gt; Diagram Extraction &gt; should preserve indentation in diagrams" time="0.0045898">
        </testcase>
        <testcase classname="src/test/unit/services/diagramDiscoveryService.test.ts" name="DiagramDiscoveryService &gt; Diagram Type Analysis &gt; should correctly identify flowchart diagrams" time="0.0007522">
        </testcase>
        <testcase classname="src/test/unit/services/diagramDiscoveryService.test.ts" name="DiagramDiscoveryService &gt; Diagram Type Analysis &gt; should correctly identify sequence diagrams" time="0.0005986">
        </testcase>
        <testcase classname="src/test/unit/services/diagramDiscoveryService.test.ts" name="DiagramDiscoveryService &gt; Diagram Type Analysis &gt; should identify class diagrams" time="0.0003953">
        </testcase>
        <testcase classname="src/test/unit/services/diagramDiscoveryService.test.ts" name="DiagramDiscoveryService &gt; Diagram Type Analysis &gt; should handle unknown diagram types" time="0.0003261">
        </testcase>
        <testcase classname="src/test/unit/services/diagramDiscoveryService.test.ts" name="DiagramDiscoveryService &gt; Complexity Calculation &gt; should calculate complexity for simple diagrams" time="0.0002765">
        </testcase>
        <testcase classname="src/test/unit/services/diagramDiscoveryService.test.ts" name="DiagramDiscoveryService &gt; Complexity Calculation &gt; should calculate complexity for complex diagrams" time="0.0032282">
            <system-out>
Complexity debug: {
  score: [33m3.6[39m,
  category: [32m&apos;moderate&apos;[39m,
  nodeCount: [33m14[39m,
  connectionCount: [33m9[39m,
  depth: [33m1[39m
}

            </system-out>
        </testcase>
        <testcase classname="src/test/unit/services/diagramDiscoveryService.test.ts" name="DiagramDiscoveryService &gt; Complexity Calculation &gt; should estimate render time based on complexity" time="0.0002778">
        </testcase>
        <testcase classname="src/test/unit/services/diagramDiscoveryService.test.ts" name="DiagramDiscoveryService &gt; Diagram Validation &gt; should validate correct mermaid syntax" time="0.0009443">
        </testcase>
        <testcase classname="src/test/unit/services/diagramDiscoveryService.test.ts" name="DiagramDiscoveryService &gt; Diagram Validation &gt; should detect syntax errors" time="0.0005267">
        </testcase>
        <testcase classname="src/test/unit/services/diagramDiscoveryService.test.ts" name="DiagramDiscoveryService &gt; Diagram Validation &gt; should provide helpful warnings" time="0.0003264">
        </testcase>
        <testcase classname="src/test/unit/services/diagramDiscoveryService.test.ts" name="DiagramDiscoveryService &gt; Performance and Caching &gt; should cache file analysis results" time="0.0481636">
        </testcase>
        <testcase classname="src/test/unit/services/diagramDiscoveryService.test.ts" name="DiagramDiscoveryService &gt; Performance and Caching &gt; should handle large directory structures efficiently" time="1.6694157">
        </testcase>
        <testcase classname="src/test/unit/services/diagramDiscoveryService.test.ts" name="DiagramDiscoveryService Error Handling &gt; should handle non-existent directories gracefully" time="0.0137756">
        </testcase>
        <testcase classname="src/test/unit/services/diagramDiscoveryService.test.ts" name="DiagramDiscoveryService Error Handling &gt; should handle invalid file paths" time="0.0060477">
        </testcase>
        <testcase classname="src/test/unit/services/diagramDiscoveryService.test.ts" name="DiagramDiscoveryService Error Handling &gt; should handle malformed diagram content" time="0.000636">
        </testcase>
    </testsuite>
    <testsuite name="src/test/unit/services/fileProcessor.test.ts" timestamp="2026-05-03T20:12:28.680Z" hostname="Glaptop" tests="2" failures="0" errors="0" skipped="0" time="0.0068044">
        <testcase classname="src/test/unit/services/fileProcessor.test.ts" name="fileProcessor &gt; generates output name from original path and format" time="0.0036016">
        </testcase>
        <testcase classname="src/test/unit/services/fileProcessor.test.ts" name="fileProcessor &gt; sanitizes format string" time="0.0006978">
        </testcase>
    </testsuite>
    <testsuite name="src/test/unit/services/formatPreferenceManager.test.ts" timestamp="2026-05-03T20:12:28.681Z" hostname="Glaptop" tests="33" failures="0" errors="0" skipped="0" time="0.0532901">
        <testcase classname="src/test/unit/services/formatPreferenceManager.test.ts" name="FormatPreferenceManager &gt; Usage Recording &gt; should record a single format usage" time="0.0083635">
        </testcase>
        <testcase classname="src/test/unit/services/formatPreferenceManager.test.ts" name="FormatPreferenceManager &gt; Usage Recording &gt; should record multiple format usages" time="0.0017372">
        </testcase>
        <testcase classname="src/test/unit/services/formatPreferenceManager.test.ts" name="FormatPreferenceManager &gt; Usage Recording &gt; should maintain most recent entries at the front" time="0.0015433">
        </testcase>
        <testcase classname="src/test/unit/services/formatPreferenceManager.test.ts" name="FormatPreferenceManager &gt; Usage Recording &gt; should limit history to MAX_HISTORY_SIZE (20) entries" time="0.0013883">
        </testcase>
        <testcase classname="src/test/unit/services/formatPreferenceManager.test.ts" name="FormatPreferenceManager &gt; Usage Recording &gt; should record usage source correctly" time="0.0011747">
        </testcase>
        <testcase classname="src/test/unit/services/formatPreferenceManager.test.ts" name="FormatPreferenceManager &gt; Preferred Formats &gt; should return default format order when no history" time="0.002119">
        </testcase>
        <testcase classname="src/test/unit/services/formatPreferenceManager.test.ts" name="FormatPreferenceManager &gt; Preferred Formats &gt; should prioritize frequently used formats" time="0.0009708">
        </testcase>
        <testcase classname="src/test/unit/services/formatPreferenceManager.test.ts" name="FormatPreferenceManager &gt; Preferred Formats &gt; should weight recent usage more heavily" time="0.0014149">
        </testcase>
        <testcase classname="src/test/unit/services/formatPreferenceManager.test.ts" name="FormatPreferenceManager &gt; Preferred Formats &gt; should handle ties by preferring default order" time="0.0013998">
        </testcase>
        <testcase classname="src/test/unit/services/formatPreferenceManager.test.ts" name="FormatPreferenceManager &gt; Preferred Formats &gt; should only consider last 10 exports for recency" time="0.0037036">
        </testcase>
        <testcase classname="src/test/unit/services/formatPreferenceManager.test.ts" name="FormatPreferenceManager &gt; Most Used Format &gt; should return svg when no history" time="0.0005297">
        </testcase>
        <testcase classname="src/test/unit/services/formatPreferenceManager.test.ts" name="FormatPreferenceManager &gt; Most Used Format &gt; should return the most frequently used format" time="0.0004382">
        </testcase>
        <testcase classname="src/test/unit/services/formatPreferenceManager.test.ts" name="FormatPreferenceManager &gt; Most Used Format &gt; should reflect recent usage changes" time="0.0006419">
        </testcase>
        <testcase classname="src/test/unit/services/formatPreferenceManager.test.ts" name="FormatPreferenceManager &gt; Top Two Formats &gt; should return [svg, png] when no history" time="0.0005309">
        </testcase>
        <testcase classname="src/test/unit/services/formatPreferenceManager.test.ts" name="FormatPreferenceManager &gt; Top Two Formats &gt; should return top 2 most used formats" time="0.0005201">
        </testcase>
        <testcase classname="src/test/unit/services/formatPreferenceManager.test.ts" name="FormatPreferenceManager &gt; Top Two Formats &gt; should reflect usage changes" time="0.000647">
        </testcase>
        <testcase classname="src/test/unit/services/formatPreferenceManager.test.ts" name="FormatPreferenceManager &gt; Usage History Detection &gt; should return false when no history" time="0.0004393">
        </testcase>
        <testcase classname="src/test/unit/services/formatPreferenceManager.test.ts" name="FormatPreferenceManager &gt; Usage History Detection &gt; should return false with insufficient history (&lt;3)" time="0.0003871">
        </testcase>
        <testcase classname="src/test/unit/services/formatPreferenceManager.test.ts" name="FormatPreferenceManager &gt; Usage History Detection &gt; should return true with sufficient history (&gt;=3)" time="0.0003824">
        </testcase>
        <testcase classname="src/test/unit/services/formatPreferenceManager.test.ts" name="FormatPreferenceManager &gt; Usage Statistics &gt; should return empty stats when no history" time="0.0005299">
        </testcase>
        <testcase classname="src/test/unit/services/formatPreferenceManager.test.ts" name="FormatPreferenceManager &gt; Usage Statistics &gt; should calculate accurate usage counts" time="0.0009497">
        </testcase>
        <testcase classname="src/test/unit/services/formatPreferenceManager.test.ts" name="FormatPreferenceManager &gt; Usage Statistics &gt; should track last used timestamp" time="0.0105201">
        </testcase>
        <testcase classname="src/test/unit/services/formatPreferenceManager.test.ts" name="FormatPreferenceManager &gt; Usage Statistics &gt; should sort by usage count descending" time="0.0010513">
        </testcase>
        <testcase classname="src/test/unit/services/formatPreferenceManager.test.ts" name="FormatPreferenceManager &gt; History Reset &gt; should clear all usage history" time="0.0007246">
        </testcase>
        <testcase classname="src/test/unit/services/formatPreferenceManager.test.ts" name="FormatPreferenceManager &gt; History Reset &gt; should reset to default format order" time="0.000634">
        </testcase>
        <testcase classname="src/test/unit/services/formatPreferenceManager.test.ts" name="FormatPreferenceManager &gt; History Reset &gt; should reset most used format to svg" time="0.0004255">
        </testcase>
        <testcase classname="src/test/unit/services/formatPreferenceManager.test.ts" name="FormatPreferenceManager &gt; File-Specific Preferences &gt; should store file format preference" time="0.0005199">
        </testcase>
        <testcase classname="src/test/unit/services/formatPreferenceManager.test.ts" name="FormatPreferenceManager &gt; File-Specific Preferences &gt; should return undefined for files without preference" time="0.000741">
        </testcase>
        <testcase classname="src/test/unit/services/formatPreferenceManager.test.ts" name="FormatPreferenceManager &gt; File-Specific Preferences &gt; should handle multiple file preferences" time="0.0007142">
        </testcase>
        <testcase classname="src/test/unit/services/formatPreferenceManager.test.ts" name="FormatPreferenceManager &gt; File-Specific Preferences &gt; should overwrite existing file preference" time="0.0005729">
        </testcase>
        <testcase classname="src/test/unit/services/formatPreferenceManager.test.ts" name="FormatPreferenceManager &gt; File-Specific Preferences &gt; should persist file preferences independently of usage history" time="0.0004638">
        </testcase>
        <testcase classname="src/test/unit/services/formatPreferenceManager.test.ts" name="FormatPreferenceManager &gt; Integration Scenarios &gt; should handle real-world usage pattern" time="0.0010438">
        </testcase>
        <testcase classname="src/test/unit/services/formatPreferenceManager.test.ts" name="FormatPreferenceManager &gt; Integration Scenarios &gt; should handle workspace state persistence" time="0.0008671">
        </testcase>
    </testsuite>
    <testsuite name="src/test/unit/services/onboardingManager.test.ts" timestamp="2026-05-03T20:12:28.687Z" hostname="Glaptop" tests="10" failures="0" errors="0" skipped="1" time="2.8039228">
        <testcase classname="src/test/unit/services/onboardingManager.test.ts" name="OnboardingManager Tests &gt; Welcome Flow Tests &gt; shows welcome for new users" time="0.0130283">
        </testcase>
        <testcase classname="src/test/unit/services/onboardingManager.test.ts" name="OnboardingManager Tests &gt; Welcome Flow Tests &gt; skips welcome for existing users" time="1.6038873">
        </testcase>
        <testcase classname="src/test/unit/services/onboardingManager.test.ts" name="OnboardingManager Tests &gt; Welcome Flow Tests &gt; skips onboarding in development mode" time="0.0032143">
        </testcase>
        <testcase classname="src/test/unit/services/onboardingManager.test.ts" name="OnboardingManager Tests &gt; Setup Completion Tests &gt; marks onboarding as completed" time="0.0038766">
        </testcase>
        <testcase classname="src/test/unit/services/onboardingManager.test.ts" name="OnboardingManager Tests &gt; Setup Completion Tests &gt; shows correct completion message for CLI setup" time="0.0033616">
        </testcase>
        <testcase classname="src/test/unit/services/onboardingManager.test.ts" name="OnboardingManager Tests &gt; Setup Completion Tests &gt; shows correct completion message for web-only setup" time="0.0044226">
        </testcase>
        <testcase classname="src/test/unit/services/onboardingManager.test.ts" name="OnboardingManager Tests &gt; Setup Validation Tests &gt; validates existing CLI installation silently" time="1.1606265">
        </testcase>
        <testcase classname="src/test/unit/services/onboardingManager.test.ts" name="OnboardingManager Tests &gt; Setup Validation Tests &gt; offers reinstall when CLI becomes unavailable" time="0">
            <skipped/>
        </testcase>
        <testcase classname="src/test/unit/services/onboardingManager.test.ts" name="OnboardingManager Tests &gt; Configuration Tests &gt; configures web-only mode correctly" time="0.0043619">
        </testcase>
        <testcase classname="src/test/unit/services/onboardingManager.test.ts" name="OnboardingManager Tests &gt; Setup Reset Tests &gt; resets onboarding state" time="0.0030444">
        </testcase>
    </testsuite>
    <testsuite name="src/test/unit/services/operationTimeoutManager.test.ts" timestamp="2026-05-03T20:12:28.689Z" hostname="Glaptop" tests="32" failures="0" errors="0" skipped="0" time="0.0697688">
        <testcase classname="src/test/unit/services/operationTimeoutManager.test.ts" name="OperationTimeoutManager &gt; Singleton Pattern &gt; should return same instance" time="0.0046956">
        </testcase>
        <testcase classname="src/test/unit/services/operationTimeoutManager.test.ts" name="OperationTimeoutManager &gt; Export Throttling &gt; should allow export when cooldown period has passed" time="0.0013462">
        </testcase>
        <testcase classname="src/test/unit/services/operationTimeoutManager.test.ts" name="OperationTimeoutManager &gt; Export Throttling &gt; should prevent exports during cooldown period" time="0.0017659">
        </testcase>
        <testcase classname="src/test/unit/services/operationTimeoutManager.test.ts" name="OperationTimeoutManager &gt; Export Throttling &gt; should allow exports after cooldown expires" time="0.0019092">
        </testcase>
        <testcase classname="src/test/unit/services/operationTimeoutManager.test.ts" name="OperationTimeoutManager &gt; Export Throttling &gt; should return correct cooldown remaining time" time="0.0017198">
        </testcase>
        <testcase classname="src/test/unit/services/operationTimeoutManager.test.ts" name="OperationTimeoutManager &gt; Export Throttling &gt; should return 0 when no cooldown is active" time="0.0010527">
        </testcase>
        <testcase classname="src/test/unit/services/operationTimeoutManager.test.ts" name="OperationTimeoutManager &gt; Operation Lifecycle &gt; should start operation successfully" time="0.002308">
        </testcase>
        <testcase classname="src/test/unit/services/operationTimeoutManager.test.ts" name="OperationTimeoutManager &gt; Operation Lifecycle &gt; should complete operation successfully" time="0.0012687">
        </testcase>
        <testcase classname="src/test/unit/services/operationTimeoutManager.test.ts" name="OperationTimeoutManager &gt; Operation Lifecycle &gt; should cancel operation successfully" time="0.0026054">
        </testcase>
        <testcase classname="src/test/unit/services/operationTimeoutManager.test.ts" name="OperationTimeoutManager &gt; Operation Lifecycle &gt; should handle completing non-existent operation gracefully" time="0.0015471">
        </testcase>
        <testcase classname="src/test/unit/services/operationTimeoutManager.test.ts" name="OperationTimeoutManager &gt; Operation Lifecycle &gt; should handle cancelling non-existent operation gracefully" time="0.0022294">
        </testcase>
        <testcase classname="src/test/unit/services/operationTimeoutManager.test.ts" name="OperationTimeoutManager &gt; Operation Lifecycle &gt; should replace existing operation with same ID" time="0.0013661">
        </testcase>
        <testcase classname="src/test/unit/services/operationTimeoutManager.test.ts" name="OperationTimeoutManager &gt; Timeout Escalation &gt; should trigger soft timeout callback" time="0.0016243">
        </testcase>
        <testcase classname="src/test/unit/services/operationTimeoutManager.test.ts" name="OperationTimeoutManager &gt; Timeout Escalation &gt; should trigger medium timeout callback" time="0.0010717">
        </testcase>
        <testcase classname="src/test/unit/services/operationTimeoutManager.test.ts" name="OperationTimeoutManager &gt; Timeout Escalation &gt; should trigger hard timeout callback" time="0.0012389">
        </testcase>
        <testcase classname="src/test/unit/services/operationTimeoutManager.test.ts" name="OperationTimeoutManager &gt; Timeout Escalation &gt; should not trigger nuclear timeout because hard timeout cancels operation first" time="0.0026855">
        </testcase>
        <testcase classname="src/test/unit/services/operationTimeoutManager.test.ts" name="OperationTimeoutManager &gt; Timeout Escalation &gt; should use different timeouts for batch operations" time="0.0011149">
        </testcase>
        <testcase classname="src/test/unit/services/operationTimeoutManager.test.ts" name="OperationTimeoutManager &gt; Timeout Escalation &gt; should use different timeouts for debug operations" time="0.003279">
        </testcase>
        <testcase classname="src/test/unit/services/operationTimeoutManager.test.ts" name="OperationTimeoutManager &gt; Timeout Escalation &gt; should stop escalation when operation completes" time="0.0017063">
        </testcase>
        <testcase classname="src/test/unit/services/operationTimeoutManager.test.ts" name="OperationTimeoutManager &gt; Timeout Escalation &gt; should stop escalation when operation is cancelled" time="0.0013579">
        </testcase>
        <testcase classname="src/test/unit/services/operationTimeoutManager.test.ts" name="OperationTimeoutManager &gt; Progress Reporting &gt; should update progress for active operation" time="0.0036315">
        </testcase>
        <testcase classname="src/test/unit/services/operationTimeoutManager.test.ts" name="OperationTimeoutManager &gt; Progress Reporting &gt; should handle progress update for non-existent operation gracefully" time="0.0012668">
        </testcase>
        <testcase classname="src/test/unit/services/operationTimeoutManager.test.ts" name="OperationTimeoutManager &gt; Multiple Operations &gt; should handle multiple concurrent operations" time="0.0012216">
        </testcase>
        <testcase classname="src/test/unit/services/operationTimeoutManager.test.ts" name="OperationTimeoutManager &gt; Multiple Operations &gt; should cancel specific operation without affecting others" time="0.0015791">
        </testcase>
        <testcase classname="src/test/unit/services/operationTimeoutManager.test.ts" name="OperationTimeoutManager &gt; Multiple Operations &gt; should complete specific operation without affecting others" time="0.0017097">
        </testcase>
        <testcase classname="src/test/unit/services/operationTimeoutManager.test.ts" name="OperationTimeoutManager &gt; Emergency Cleanup &gt; should clean up all active operations" time="0.0026269">
        </testcase>
        <testcase classname="src/test/unit/services/operationTimeoutManager.test.ts" name="OperationTimeoutManager &gt; Emergency Cleanup &gt; should handle emergency cleanup with no active operations" time="0.0014783">
        </testcase>
        <testcase classname="src/test/unit/services/operationTimeoutManager.test.ts" name="OperationTimeoutManager &gt; Operation Status &gt; should return all active operations" time="0.0022589">
        </testcase>
        <testcase classname="src/test/unit/services/operationTimeoutManager.test.ts" name="OperationTimeoutManager &gt; Operation Status &gt; should return empty array when no operations active" time="0.0013903">
        </testcase>
        <testcase classname="src/test/unit/services/operationTimeoutManager.test.ts" name="OperationTimeoutManager &gt; Operation Status &gt; should return operation info with correct structure" time="0.0018933">
        </testcase>
        <testcase classname="src/test/unit/services/operationTimeoutManager.test.ts" name="OperationTimeoutManager &gt; Callback Error Handling &gt; should propagate errors from soft timeout callback" time="0.0066685">
        </testcase>
[...]
            <system-out>
[mermaidExportPro] StatusBarManager constructed
[mermaidExportPro] StatusBarManager initial checkStrategyStatus()
[mermaidExportPro] StatusBarManager initial updateVisibility()

            </system-out>
        </testcase>
        <testcase classname="src/test/unit/ui/statusBarManager.test.ts" name="StatusBarManager Tests &gt; Mermaid Detection Tests &gt; handles mermaid blocks with extra whitespace" time="0.0337887">
            <system-out>
[mermaidExportPro] StatusBarManager constructed
[mermaidExportPro] StatusBarManager initial checkStrategyStatus()
[mermaidExportPro] StatusBarManager initial updateVisibility()

            </system-out>
        </testcase>
        <testcase classname="src/test/unit/ui/statusBarManager.test.ts" name="StatusBarManager Tests &gt; Mermaid Detection Tests &gt; ignores non-mermaid code blocks" time="0.0294045">
            <system-out>
[mermaidExportPro] StatusBarManager constructed
[mermaidExportPro] StatusBarManager initial checkStrategyStatus()
[mermaidExportPro] StatusBarManager initial updateVisibility()

            </system-out>
        </testcase>
        <testcase classname="src/test/unit/ui/statusBarManager.test.ts" name="StatusBarManager Tests &gt; Status Bar Visibility Tests &gt; shows status bar when mermaid content present" time="0.0233036">
            <system-out>
[mermaidExportPro] StatusBarManager constructed
[mermaidExportPro] StatusBarManager initial checkStrategyStatus()
[mermaidExportPro] StatusBarManager initial updateVisibility()

            </system-out>
        </testcase>
        <testcase classname="src/test/unit/ui/statusBarManager.test.ts" name="StatusBarManager Tests &gt; Status Bar Visibility Tests &gt; hides status bar when no mermaid content" time="0.0191795">
            <system-out>
[mermaidExportPro] StatusBarManager constructed
[mermaidExportPro] StatusBarManager initial checkStrategyStatus()
[mermaidExportPro] StatusBarManager initial updateVisibility()

            </system-out>
        </testcase>
        <testcase classname="src/test/unit/ui/statusBarManager.test.ts" name="StatusBarManager Tests &gt; Status Bar Visibility Tests &gt; hides status bar when no active editor" time="0.0985551">
            <system-out>
[mermaidExportPro] StatusBarManager constructed
[mermaidExportPro] StatusBarManager initial checkStrategyStatus()
[mermaidExportPro] StatusBarManager initial updateVisibility()

            </system-out>
        </testcase>
        <testcase classname="src/test/unit/ui/statusBarManager.test.ts" name="StatusBarManager Tests &gt; Click Handler Tests &gt; executes exportFile command when CLI available" time="0.0151941">
            <system-out>
[mermaidExportPro] StatusBarManager constructed
[mermaidExportPro] StatusBarManager initial checkStrategyStatus()
[mermaidExportPro] StatusBarManager initial updateVisibility()

            </system-out>
        </testcase>
        <testcase classname="src/test/unit/ui/statusBarManager.test.ts" name="StatusBarManager Tests &gt; Click Handler Tests &gt; shows setup options when not configured" time="0.104558">
            <system-out>
[mermaidExportPro] StatusBarManager constructed
[mermaidExportPro] StatusBarManager initial checkStrategyStatus()
[mermaidExportPro] StatusBarManager initial updateVisibility()

            </system-out>
        </testcase>
    </testsuite>
    <testsuite name="src/test/unit/ui/themeStatusBarManager.test.ts" timestamp="2026-05-03T20:12:28.708Z" hostname="Glaptop" tests="10" failures="0" errors="0" skipped="0" time="0.0816045">
        <testcase classname="src/test/unit/ui/themeStatusBarManager.test.ts" name="ThemeStatusBarManager Tests &gt; Theme Cycling Tests &gt; cycles through themes in correct order" time="0.0138139">
        </testcase>
        <testcase classname="src/test/unit/ui/themeStatusBarManager.test.ts" name="ThemeStatusBarManager Tests &gt; Theme Cycling Tests &gt; wraps from neutral back to default" time="0.007599">
        </testcase>
        <testcase classname="src/test/unit/ui/themeStatusBarManager.test.ts" name="ThemeStatusBarManager Tests &gt; Debounced Notification Tests &gt; shows notification after debounce delay" time="0.0156068">
        </testcase>
        <testcase classname="src/test/unit/ui/themeStatusBarManager.test.ts" name="ThemeStatusBarManager Tests &gt; Debounced Notification Tests &gt; cancels previous notification on rapid cycling" time="0.0093098">
        </testcase>
        <testcase classname="src/test/unit/ui/themeStatusBarManager.test.ts" name="ThemeStatusBarManager Tests &gt; Theme Display Tests &gt; sets correct icon for default theme" time="0.0054945">
        </testcase>
        <testcase classname="src/test/unit/ui/themeStatusBarManager.test.ts" name="ThemeStatusBarManager Tests &gt; Theme Display Tests &gt; sets correct icon for dark theme" time="0.0057057">
        </testcase>
        <testcase classname="src/test/unit/ui/themeStatusBarManager.test.ts" name="ThemeStatusBarManager Tests &gt; Theme Display Tests &gt; uses default color for all themes" time="0.0085331">
        </testcase>
        <testcase classname="src/test/unit/ui/themeStatusBarManager.test.ts" name="ThemeStatusBarManager Tests &gt; Visibility Tests &gt; shows when mermaid content present" time="0.0044426">
        </testcase>
        <testcase classname="src/test/unit/ui/themeStatusBarManager.test.ts" name="ThemeStatusBarManager Tests &gt; Visibility Tests &gt; hides when no mermaid content" time="0.0041026">
        </testcase>
        <testcase classname="src/test/unit/ui/themeStatusBarManager.test.ts" name="ThemeStatusBarManager Tests &gt; Cleanup Tests &gt; clears notification timer on dispose" time="0.0031881">
        </testcase>
    </testsuite>
    <testsuite name="src/test/unit/utils/autoNaming.test.ts" timestamp="2026-05-03T20:12:28.710Z" hostname="Glaptop" tests="12" failures="0" errors="0" skipped="0" time="0.0250354">
        <testcase classname="src/test/unit/utils/autoNaming.test.ts" name="AutoNaming &gt; generateDialogName returns baseName-diagram.format" time="0.0033905">
        </testcase>
        <testcase classname="src/test/unit/utils/autoNaming.test.ts" name="AutoNaming &gt; getBaseName cleans filename and lowers case" time="0.0008439">
        </testcase>
        <testcase classname="src/test/unit/utils/autoNaming.test.ts" name="AutoNaming &gt; validateDirectory returns valid true for writable directory" time="0.0037599">
        </testcase>
        <testcase classname="src/test/unit/utils/autoNaming.test.ts" name="AutoNaming &gt; validateDirectory handles ENOENT error" time="0.0010361">
        </testcase>
        <testcase classname="src/test/unit/utils/autoNaming.test.ts" name="AutoNaming &gt; ensureDirectory creates when missing" time="0.0039551">
        </testcase>
        <testcase classname="src/test/unit/utils/autoNaming.test.ts" name="AutoNaming &gt; generateFileName with naming modes &gt; defaults to versioned mode when mode not specified" time="0.0045445">
        </testcase>
        <testcase classname="src/test/unit/utils/autoNaming.test.ts" name="AutoNaming &gt; generateFileName with naming modes &gt; generates versioned name when mode=versioned" time="0.0020263">
        </testcase>
        <testcase classname="src/test/unit/utils/autoNaming.test.ts" name="AutoNaming &gt; generateFileName with naming modes &gt; generates simple overwrite name when mode=overwrite" time="0.0006657">
        </testcase>
        <testcase classname="src/test/unit/utils/autoNaming.test.ts" name="AutoNaming &gt; generateFileName with naming modes &gt; overwrite mode extracts diagram number from baseName" time="0.0006809">
        </testcase>
        <testcase classname="src/test/unit/utils/autoNaming.test.ts" name="AutoNaming &gt; generateFileName with naming modes &gt; overwrite mode defaults to 1 when no number in baseName" time="0.000408">
        </testcase>
        <testcase classname="src/test/unit/utils/autoNaming.test.ts" name="AutoNaming &gt; generateFileName with naming modes &gt; overwrite mode handles different formats" time="0.0003768">
        </testcase>
        <testcase classname="src/test/unit/utils/autoNaming.test.ts" name="AutoNaming &gt; generateFileName with naming modes &gt; overwrite mode produces consistent names for same input" time="0.0003283">
        </testcase>
    </testsuite>
    <testsuite name="src/test/unit/utils/pathUtils.test.ts" timestamp="2026-05-03T20:12:28.711Z" hostname="Glaptop" tests="11" failures="0" errors="0" skipped="0" time="0.0244868">
        <testcase classname="src/test/unit/utils/pathUtils.test.ts" name="PathUtils &gt; generateOutputPath uses same directory when outputDir not provided" time="0.00382">
        </testcase>
        <testcase classname="src/test/unit/utils/pathUtils.test.ts" name="PathUtils &gt; generateOutputPath resolves relative outputDir against input file dir" time="0.0009633">
        </testcase>
        <testcase classname="src/test/unit/utils/pathUtils.test.ts" name="PathUtils &gt; ensureDirectory does not call mkdir when access succeeds" time="0.0039283">
        </testcase>
        <testcase classname="src/test/unit/utils/pathUtils.test.ts" name="PathUtils &gt; ensureDirectory calls mkdir when access throws" time="0.0039136">
        </testcase>
        <testcase classname="src/test/unit/utils/pathUtils.test.ts" name="PathUtils &gt; sanitizePath normalizes safe path and throws on traversal" time="0.0022702">
        </testcase>
        <testcase classname="src/test/unit/utils/pathUtils.test.ts" name="PathUtils &gt; fileExists returns true when access succeeds and false when it throws" time="0.0015282">
        </testcase>
        <testcase classname="src/test/unit/utils/pathUtils.test.ts" name="PathUtils &gt; getUniqueFilePath returns same path when not existing" time="0.0007689">
        </testcase>
        <testcase classname="src/test/unit/utils/pathUtils.test.ts" name="PathUtils &gt; getUniqueFilePath increments filename when target exists" time="0.0009389">
        </testcase>
        <testcase classname="src/test/unit/utils/pathUtils.test.ts" name="PathUtils &gt; getTempDirectory and createTempFilePath produce a path in tmpdir with given extension" time="0.0014026">
        </testcase>
        <testcase classname="src/test/unit/utils/pathUtils.test.ts" name="PathUtils &gt; validateOutputPath rejects invalid characters and overly long paths" time="0.0008726">
        </testcase>
        <testcase classname="src/test/unit/utils/pathUtils.test.ts" name="PathUtils &gt; getDisplayPath returns relative when shorter and inside workspace" time="0.0007988">
        </testcase>
    </testsuite>
    <testsuite name="src/test/unit/utils/svgUtils.test.ts" timestamp="2026-05-03T20:12:28.713Z" hostname="Glaptop" tests="29" failures="0" errors="0" skipped="0" time="0.0263168">
        <testcase classname="src/test/unit/utils/svgUtils.test.ts" name="SVG Utilities &gt; injectSvgBackground &gt; injects background rect into SVG with viewBox" time="0.0042495">
        </testcase>
        <testcase classname="src/test/unit/utils/svgUtils.test.ts" name="SVG Utilities &gt; injectSvgBackground &gt; handles transparent color (no-op)" time="0.000864">
        </testcase>
        <testcase classname="src/test/unit/utils/svgUtils.test.ts" name="SVG Utilities &gt; injectSvgBackground &gt; handles rgba color correctly" time="0.000758">
        </testcase>
        <testcase classname="src/test/unit/utils/svgUtils.test.ts" name="SVG Utilities &gt; injectSvgBackground &gt; extracts viewBox dimensions correctly" time="0.0005536">
        </testcase>
        <testcase classname="src/test/unit/utils/svgUtils.test.ts" name="SVG Utilities &gt; injectSvgBackground &gt; injects rect as first child of svg element" time="0.0006005">
        </testcase>
        <testcase classname="src/test/unit/utils/svgUtils.test.ts" name="SVG Utilities &gt; injectSvgBackground &gt; handles missing viewBox gracefully" time="0.00035">
        </testcase>
        <testcase classname="src/test/unit/utils/svgUtils.test.ts" name="SVG Utilities &gt; optimizeForLibreOffice &gt; removes foreignObject elements" time="0.0029337">
        </testcase>
        <testcase classname="src/test/unit/utils/svgUtils.test.ts" name="SVG Utilities &gt; optimizeForLibreOffice &gt; removes style tags" time="0.0014443">
        </testcase>
        <testcase classname="src/test/unit/utils/svgUtils.test.ts" name="SVG Utilities &gt; optimizeForLibreOffice &gt; removes filter and defs with unsupported elements" time="0.0006779">
        </testcase>
        <testcase classname="src/test/unit/utils/svgUtils.test.ts" name="SVG Utilities &gt; optimizeForLibreOffice &gt; converts class-based styles to inline" time="0.0004597">
        </testcase>
        <testcase classname="src/test/unit/utils/svgUtils.test.ts" name="SVG Utilities &gt; optimizeForLibreOffice &gt; removes script tags" time="0.0004154">
        </testcase>
        <testcase classname="src/test/unit/utils/svgUtils.test.ts" name="SVG Utilities &gt; optimizeForLibreOffice &gt; flattens opacity groups" time="0.0002603">
        </testcase>
        <testcase classname="src/test/unit/utils/svgUtils.test.ts" name="SVG Utilities &gt; optimizeForLibreOffice &gt; preserves essential SVG structure" time="0.0003928">
        </testcase>
        <testcase classname="src/test/unit/utils/svgUtils.test.ts" name="SVG Utilities &gt; validateSvg &gt; validates SVG with proper structure and namespace" time="0.0008508">
        </testcase>
        <testcase classname="src/test/unit/utils/svgUtils.test.ts" name="SVG Utilities &gt; validateSvg &gt; rejects SVG without viewBox" time="0.0018072">
        </testcase>
        <testcase classname="src/test/unit/utils/svgUtils.test.ts" name="SVG Utilities &gt; validateSvg &gt; rejects SVG without svg tag" time="0.000506">
        </testcase>
        <testcase classname="src/test/unit/utils/svgUtils.test.ts" name="SVG Utilities &gt; validateSvg &gt; detects tag mismatches" time="0.0005286">
        </testcase>
        <testcase classname="src/test/unit/utils/svgUtils.test.ts" name="SVG Utilities &gt; validateSvg &gt; validates SVG with namespace and proper closure" time="0.000316">
        </testcase>
        <testcase classname="src/test/unit/utils/svgUtils.test.ts" name="SVG Utilities &gt; validateSvg &gt; identifies missing namespace" time="0.0003927">
        </testcase>
        <testcase classname="src/test/unit/utils/svgUtils.test.ts" name="SVG Utilities &gt; minifySvg &gt; removes XML comments" time="0.0006039">
        </testcase>
        <testcase classname="src/test/unit/utils/svgUtils.test.ts" name="SVG Utilities &gt; minifySvg &gt; removes extra whitespace" time="0.000404">
        </testcase>
        <testcase classname="src/test/unit/utils/svgUtils.test.ts" name="SVG Utilities &gt; minifySvg &gt; preserves newlines in text content" time="0.0002631">
        </testcase>
        <testcase classname="src/test/unit/utils/svgUtils.test.ts" name="SVG Utilities &gt; minifySvg &gt; handles multiple comments" time="0.0003831">
        </testcase>
        <testcase classname="src/test/unit/utils/svgUtils.test.ts" name="SVG Utilities &gt; escapeXmlAttribute &gt; escapes ampersand" time="0.0004721">
        </testcase>
        <testcase classname="src/test/unit/utils/svgUtils.test.ts" name="SVG Utilities &gt; escapeXmlAttribute &gt; escapes less-than" time="0.0002209">
        </testcase>
        <testcase classname="src/test/unit/utils/svgUtils.test.ts" name="SVG Utilities &gt; escapeXmlAttribute &gt; escapes greater-than" time="0.0001949">
        </testcase>
        <testcase classname="src/test/unit/utils/svgUtils.test.ts" name="SVG Utilities &gt; escapeXmlAttribute &gt; escapes quotes" time="0.0002176">
        </testcase>
        <testcase classname="src/test/unit/utils/svgUtils.test.ts" name="SVG Utilities &gt; escapeXmlAttribute &gt; handles mixed characters" time="0.0002007">
        </testcase>
        <testcase classname="src/test/unit/utils/svgUtils.test.ts" name="SVG Utilities &gt; escapeXmlAttribute &gt; leaves safe text unchanged" time="0.0002059">
        </testcase>
    </testsuite>
    <testsuite name="src/test/unit/utils/webviewUtils.test.ts" timestamp="2026-05-03T20:12:28.718Z" hostname="Glaptop" tests="18" failures="0" errors="0" skipped="0" time="0.025253">
        <testcase classname="src/test/unit/utils/webviewUtils.test.ts" name="webviewUtils &gt; getNonce() &gt; should generate a 32-character nonce" time="0.004214">
        </testcase>
        <testcase classname="src/test/unit/utils/webviewUtils.test.ts" name="webviewUtils &gt; getNonce() &gt; should generate unique nonces" time="0.0018185">
        </testcase>
        <testcase classname="src/test/unit/utils/webviewUtils.test.ts" name="webviewUtils &gt; getNonce() &gt; should only contain alphanumeric characters" time="0.0004885">
        </testcase>
        <testcase classname="src/test/unit/utils/webviewUtils.test.ts" name="webviewUtils &gt; getNonce() &gt; should generate different nonces on each call" time="0.0006024">
        </testcase>
        <testcase classname="src/test/unit/utils/webviewUtils.test.ts" name="webviewUtils &gt; getUri() &gt; should join paths and return webview URI" time="0.0035236">
        </testcase>
        <testcase classname="src/test/unit/utils/webviewUtils.test.ts" name="webviewUtils &gt; getUri() &gt; should handle single path element" time="0.0009876">
        </testcase>
        <testcase classname="src/test/unit/utils/webviewUtils.test.ts" name="webviewUtils &gt; getUri() &gt; should handle deeply nested paths" time="0.0011402">
        </testcase>
        <testcase classname="src/test/unit/utils/webviewUtils.test.ts" name="webviewUtils &gt; getUri() &gt; should return result of asWebviewUri" time="0.0007079">
        </testcase>
        <testcase classname="src/test/unit/utils/webviewUtils.test.ts" name="webviewUtils &gt; getWebviewContent() &gt; should generate valid HTML with CSP" time="0.001935">
        </testcase>
        <testcase classname="src/test/unit/utils/webviewUtils.test.ts" name="webviewUtils &gt; getWebviewContent() &gt; should include nonce in CSP and script tags" time="0.0013845">
        </testcase>
        <testcase classname="src/test/unit/utils/webviewUtils.test.ts" name="webviewUtils &gt; getWebviewContent() &gt; should include webview CSP source" time="0.0007914">
        </testcase>
        <testcase classname="src/test/unit/utils/webviewUtils.test.ts" name="webviewUtils &gt; getWebviewContent() &gt; should include script URI from getUri" time="0.000869">
        </testcase>
        <testcase classname="src/test/unit/utils/webviewUtils.test.ts" name="webviewUtils &gt; getWebviewContent() &gt; should include additional scripts when provided" time="0.0007516">
        </testcase>
        <testcase classname="src/test/unit/utils/webviewUtils.test.ts" name="webviewUtils &gt; getWebviewContent() &gt; should not include additional script section when omitted" time="0.0007107">
        </testcase>
        <testcase classname="src/test/unit/utils/webviewUtils.test.ts" name="webviewUtils &gt; getWebviewContent() &gt; should properly escape HTML entities in title and body" time="0.0004115">
        </testcase>
        <testcase classname="src/test/unit/utils/webviewUtils.test.ts" name="webviewUtils &gt; getWebviewContent() &gt; should set proper CSP directives" time="0.000599">
        </testcase>
        <testcase classname="src/test/unit/utils/webviewUtils.test.ts" name="webviewUtils &gt; getWebviewContent() &gt; should include viewport meta tag" time="0.0003935">
        </testcase>
        <testcase classname="src/test/unit/utils/webviewUtils.test.ts" name="webviewUtils &gt; getWebviewContent() &gt; should set UTF-8 charset" time="0.0004947">
        </testcase>
    </testsuite>
</testsuites>
